#######################################################################################
# log primitive debug message of FSDB dumping                                         #
# This is for R&D to analyze when there are issues happening when FSDB dump           #
#######################################################################################
ANF: vcsd_get_serial_mode_status('tb: undefined symbol: vcsd_get_serial_mode_status')
ANF: vcsd_enable_sva_success_callback('tb: undefined symbol: vcsd_enable_sva_success_callback')
ANF: vcsd_disable_sva_success_callback('tb: undefined symbol: vcsd_disable_sva_success_callback')
ANF: vcsd_get_power_scope_name('tb: undefined symbol: vcsd_get_power_scope_name')
ANF: vcsd_begin_no_value_var_info('tb: undefined symbol: vcsd_begin_no_value_var_info')
ANF: vcsd_end_no_value_var_info('tb: undefined symbol: vcsd_end_no_value_var_info')
ANF: vcsd_remove_xprop_merge_mode_callback('tb: undefined symbol: vcsd_remove_xprop_merge_mode_callback')
ANF: vhpi_get_cb_info('tb: undefined symbol: vhpi_get_cb_info')
ANF: vhpi_free_handle('tb: undefined symbol: vhpi_free_handle')
ANF: vhpi_fetch_vcsd_handle('tb: undefined symbol: vhpi_fetch_vcsd_handle')
ANF: vhpi_fetch_vpi_handle('tb: undefined symbol: vhpi_fetch_vpi_handle')
ANF: vhpi_has_verilog_parent('tb: undefined symbol: vhpi_has_verilog_parent')
ANF: vhpi_is_verilog_scope('tb: undefined symbol: vhpi_is_verilog_scope')
ANF: scsd_xprop_is_enabled('tb: undefined symbol: scsd_xprop_is_enabled')
ANF: scsd_xprop_sig_is_promoted('tb: undefined symbol: scsd_xprop_sig_is_promoted')
ANF: scsd_xprop_int_xvalue('tb: undefined symbol: scsd_xprop_int_xvalue')
ANF: scsd_xprop_bool_xvalue('tb: undefined symbol: scsd_xprop_bool_xvalue')
ANF: scsd_xprop_enum_xvalue('tb: undefined symbol: scsd_xprop_enum_xvalue')
ANF: scsd_xprop_register_merge_mode_cb('tb: undefined symbol: scsd_xprop_register_merge_mode_cb')
ANF: scsd_xprop_delete_merge_mode_cb('tb: undefined symbol: scsd_xprop_delete_merge_mode_cb')
ANF: scsd_xprop_get_merge_mode('tb: undefined symbol: scsd_xprop_get_merge_mode')
ANF: scsd_thread_get_info('tb: undefined symbol: scsd_thread_get_info')
ANF: scsd_thread_vc_init('tb: undefined symbol: scsd_thread_vc_init')
ANF: scsd_master_set_delta_sync_cbk('tb: undefined symbol: scsd_master_set_delta_sync_cbk')
ANF: scsd_fgp_get_fsdb_cores('tb: undefined symbol: scsd_fgp_get_fsdb_cores')
ANF: msvEnableDumpingMode('tb: undefined symbol: msvEnableDumpingMode')
ANF: msvGetVersion('tb: undefined symbol: msvGetVersion')
ANF: msvGetInstProp('tb: undefined symbol: msvGetInstProp')
ANF: msvIsSpiceEngineReady('tb: undefined symbol: msvIsSpiceEngineReady')
ANF: msvSetAddProbeCallback('tb: undefined symbol: msvSetAddProbeCallback')
ANF: msvGetInstHandle('tb: undefined symbol: msvGetInstHandle')
ANF: msvGetProbeByInst('tb: undefined symbol: msvGetProbeByInst')
ANF: msvGetSigHandle('tb: undefined symbol: msvGetSigHandle')
ANF: msvGetProbeBySig('tb: undefined symbol: msvGetProbeBySig')
ANF: msvGetProbeInfo('tb: undefined symbol: msvGetProbeInfo')
ANF: msvRelease('tb: undefined symbol: msvRelease')
ANF: msvSetVcCallbackFunc('tb: undefined symbol: msvSetVcCallbackFunc')
ANF: msvCheckVcCallback('tb: undefined symbol: msvCheckVcCallback')
ANF: msvAddVcCallback('tb: undefined symbol: msvAddVcCallback')
ANF: msvRemoveVcCallback('tb: undefined symbol: msvRemoveVcCallback')
ANF: msvGetLatestValue('tb: undefined symbol: msvGetLatestValue')
ANF: msvSetEndofSimCallback('tb: undefined symbol: msvSetEndofSimCallback')
ANF: msvIgnoredProbe('tb: undefined symbol: msvIgnoredProbe')
ANF: msvGetThruNetInfo('tb: undefined symbol: msvGetThruNetInfo')
ANF: msvFreeThruNetInfo('tb: undefined symbol: msvFreeThruNetInfo')
ANF: PI_ace_get_output_time_unit('tb: undefined symbol: PI_ace_get_output_time_unit')
ANF: PI_ace_sim_sync('tb: undefined symbol: PI_ace_sim_sync')
ANF: msvGetRereadInitFile('tb: undefined symbol: msvGetRereadInitFile')
ANF: msvSetBeforeRereadCallback('tb: undefined symbol: msvSetBeforeRereadCallback')
ANF: msvSetAfterRereadCallback('tb: undefined symbol: msvSetAfterRereadCallback')
ANF: msvSetForceCallback('tb: undefined symbol: msvSetForceCallback')
ANF: msvSetReleaseCallback('tb: undefined symbol: msvSetReleaseCallback')
ANF: msvGetForceStatus('tb: undefined symbol: msvGetForceStatus')
ANF: vhdi_dt_get_type('tb: undefined symbol: vhdi_dt_get_type')
ANF: vhdi_dt_get_key('tb: undefined symbol: vhdi_dt_get_key')
ANF: vhdi_dt_get_vhdl_enum_info('tb: undefined symbol: vhdi_dt_get_vhdl_enum_info')
ANF: vhdi_dt_get_vhdl_physical_info('tb: undefined symbol: vhdi_dt_get_vhdl_physical_info')
ANF: vhdi_dt_get_vhdl_array_info('tb: undefined symbol: vhdi_dt_get_vhdl_array_info')
ANF: vhdi_dt_get_vhdl_record_info('tb: undefined symbol: vhdi_dt_get_vhdl_record_info')
ANF: vhdi_def_traverse_module('tb: undefined symbol: vhdi_def_traverse_module')
ANF: vhdi_def_traverse_scope('tb: undefined symbol: vhdi_def_traverse_scope')
ANF: vhdi_def_traverse_variable('tb: undefined symbol: vhdi_def_traverse_variable')
ANF: vhdi_def_get_module_id_by_vhpi('tb: undefined symbol: vhdi_def_get_module_id_by_vhpi')
ANF: vhdi_def_get_handle_by_module_id('tb: undefined symbol: vhdi_def_get_handle_by_module_id')
ANF: vhdi_def_get_variable_info_by_vhpi('tb: undefined symbol: vhdi_def_get_variable_info_by_vhpi')
ANF: vhdi_def_free('tb: undefined symbol: vhdi_def_free')
ANF: vhdi_ist_traverse_scope('tb: undefined symbol: vhdi_ist_traverse_scope')
ANF: vhdi_ist_traverse_variable('tb: undefined symbol: vhdi_ist_traverse_variable')
ANF: vhdi_ist_convert_by_vhpi('tb: undefined symbol: vhdi_ist_convert_by_vhpi')
ANF: vhdi_ist_clone('tb: undefined symbol: vhdi_ist_clone')
ANF: vhdi_ist_free('tb: undefined symbol: vhdi_ist_free')
ANF: vhdi_ist_hash_key('tb: undefined symbol: vhdi_ist_hash_key')
ANF: vhdi_ist_compare('tb: undefined symbol: vhdi_ist_compare')
ANF: vhdi_ist_get_value_addr('tb: undefined symbol: vhdi_ist_get_value_addr')
ANF: vhdi_set_scsd_callback('tb: undefined symbol: vhdi_set_scsd_callback')
ANF: vhdi_cbk_set_force_callback('tb: undefined symbol: vhdi_cbk_set_force_callback')
ANF: vhdi_trigger_init_force('tb: undefined symbol: vhdi_trigger_init_force')
ANF: vhdi_ist_check_scsd_callback('tb: undefined symbol: vhdi_ist_check_scsd_callback')
ANF: vhdi_ist_add_scsd_callback('tb: undefined symbol: vhdi_ist_add_scsd_callback')
ANF: vhdi_ist_remove_scsd_callback('tb: undefined symbol: vhdi_ist_remove_scsd_callback')
ANF: vhdi_ist_get_scsd_user_data('tb: undefined symbol: vhdi_ist_get_scsd_user_data')
ANF: vhdi_add_time_change_callback('tb: undefined symbol: vhdi_add_time_change_callback')
ANF: vhdi_get_real_value_by_value_addr('tb: undefined symbol: vhdi_get_real_value_by_value_addr')
ANF: vhdi_get_64_value_by_value_addr('tb: undefined symbol: vhdi_get_64_value_by_value_addr')
ANF: vhdi_xprop_inst_is_promoted('tb: undefined symbol: vhdi_xprop_inst_is_promoted')
ANF: vdi_ist_convert_by_vhdi('tb: undefined symbol: vdi_ist_convert_by_vhdi')
ANF: vhdi_ist_get_module_id('tb: undefined symbol: vhdi_ist_get_module_id')
ANF: vhdi_refine_foreign_scope_type('tb: undefined symbol: vhdi_refine_foreign_scope_type')
ANF: vhdi_flush_callback('tb: undefined symbol: vhdi_flush_callback')
ANF: vhdi_set_orig_name('tb: undefined symbol: vhdi_set_orig_name')
ANF: vhdi_set_dump_pt('tb: undefined symbol: vhdi_set_dump_pt')
ANF: vhdi_get_fsdb_option('tb: undefined symbol: vhdi_get_fsdb_option')
ANF: vhdi_fgp_get_mode('tb: undefined symbol: vhdi_fgp_get_mode')
ANF: vhdi_node_register_composite_var('tb: undefined symbol: vhdi_node_register_composite_var')
ANF: vhdi_node_analysis('tb: undefined symbol: vhdi_node_analysis')
ANF: vhdi_node_id('tb: undefined symbol: vhdi_node_id')
ANF: vhdi_node_ist_check_scsd_callback('tb: undefined symbol: vhdi_node_ist_check_scsd_callback')
ANF: vhdi_node_ist_add_scsd_callback('tb: undefined symbol: vhdi_node_ist_add_scsd_callback')
ANF: vhdi_node_ist_get_value_addr('tb: undefined symbol: vhdi_node_ist_get_value_addr')
VCS compile option:
 option[0]: tb
 option[1]: +define+DUMP
 option[2]: +vc
 option[3]: +v2k
 option[4]: -a
 option[5]: compile.log
 option[6]: /export/Apps/Synopsys/vcs/O-2018.09-SP2-2/linux64/bin/vcs1
 option[7]: -Mcc=gcc
 option[8]: -Mcplusplus=g++
 option[9]: -Masflags=
 option[10]: -Mcfl= -pipe -fPIC -O -I/export/Apps/Synopsys/vcs/O-2018.09-SP2-2/include 
 option[11]: -Mxcflags= -pipe -fPIC -I/export/Apps/Synopsys/vcs/O-2018.09-SP2-2/include
 option[12]: -Mldflags= -rdynamic 
 option[13]: -Mout=tb
 option[14]: -Mamsrun=
 option[15]: -Mvcsaceobjs=
 option[16]: -Mobjects= /export/Apps/Synopsys/vcs/O-2018.09-SP2-2/linux64/lib/libvirsim.so /export/Apps/Synopsys/vcs/O-2018.09-SP2-2/linux64/lib/liberrorinf.so /export/Apps/Synopsys/vcs/O-2018.09-SP2-2/linux64/lib/libsnpsmalloc.so /export/Apps/Synopsys/vcs/O-2018.09-SP2-2/linux64/lib/libvfs.so 
 option[17]: -Mexternalobj=
 option[18]: -Msaverestoreobj=/export/Apps/Synopsys/vcs/O-2018.09-SP2-2/linux64/lib/vcs_save_restore_new.o
 option[19]: -Mcrt0=
 option[20]: -Mcrtn=
 option[21]: -Mcsrc=
 option[22]: -Msyslibs=/export/Apps/Synopsys/verdi/Verdi_O-2018.09-SP2/share/PLI/VCS/LINUX64/pli.a -ldl 
 option[23]: -l
 option[24]: compile.log
 option[25]: -Xvcs_run_simv=1
 option[26]: -timescale=1ns/1ps
 option[27]: +define+DUMP
 option[28]: -fsdb
 option[29]: -P
 option[30]: /export/Apps/Synopsys/verdi/Verdi_O-2018.09-SP2/share/PLI/VCS/LINUX64/verdi.tab
 option[31]: -full64
 option[32]: +vc
 option[33]: +v2k
 option[34]: -debug_acc+all
 option[35]: +vpi
 option[36]: +vcsd1
 option[37]: +itf+/export/Apps/Synopsys/vcs/O-2018.09-SP2-2/linux64/lib/vcsdp_lite.tab
 option[38]: -debug_region+cell+encrypt
 option[39]: -o
 option[40]: tb
 option[41]: -picarchive
 option[42]: -debug_acc+fsdb
 option[43]: -sverilog
 option[44]: -gen_obj
 option[45]: -f
 option[46]: vfile.f
 option[47]: -load
 option[48]: /export/Apps/Synopsys/verdi/Verdi_O-2018.09-SP2/share/PLI/VCS/LINUX64/libnovas.so:FSDBDumpCmd
 option[49]: timescale=1ns/1ps
Chronologic Simulation VCS Release O-2018.09-SP2-2_Full64
Linux 2.6.32-754.35.1.el6.x86_64 #1 SMP Sat Nov 7 12:42:14 UTC 2020 x86_64
CPU cores: 80
Limit information:
======================================
cputime		unlimited
filesize		unlimited
datasize		unlimited
stacksize		8192 kbytes
coredumpsize		0 kbytes
memoryuse		unlimited
vmemoryuse		unlimited
descriptors		4096
memorylocked		64 kbytes
maxproc		1024
======================================
(Special)Runtime environment variables:

Runtime environment variables:
ORBIT_SOCKETDIR=/tmp/orbit-iac02
VNCDESKTOP=inspur19:12 (iac02)
SSH_AGENT_PID=199161
HOSTNAME=inspur19
MGC_CALIBRE_REALTIME_VIRTUOSO_SAVE_MESSENGER_CELL=1
UNAME=/bin/uname
CDSROOT=/export/Apps/Cadence/IC616.005
IMSETTINGS_INTEGRATE_DESKTOP=yes
SCRNAME=vcs
GPG_AGENT_INFO=/tmp/seahorse-LErTEM/S.gpg-agent:199141:1;
VCS_DEPTH=0
SHELL=/bin/bash
TERM=xterm
XDG_SESSION_COOKIE=6effabcfd92b7a79da8422bb00000015-1731644730.503347-1326992296
MAKEFLAGS=
HISTSIZE=1000
SSH_CLIENT=10.131.251.121 64099 22
GTK_RC_FILES=/etc/gtk/gtkrc:/export4/Home/iac02/.gtkrc-1.2-gnome2
WINDOWID=60817412
CDS_LOAD_ENV=CWD
VCS_LOG_FILE=compile.log
QTDIR=/usr/lib64/qt-3.3
SYSFONT=latarcyrheb-sun16
QTINC=/usr/lib64/qt-3.3/include
SSH_TTY=/dev/pts/87
LC_ALL=C
IMSETTINGS_MODULE=none
USER=iac02
LS_COLORS=rs=0:di=01;34:ln=01;36:mh=00:pi=40;33:so=01;35:do=01;35:bd=40;33;01:cd=40;33;01:or=40;31;01:mi=01;05;37;41:su=37;41:sg=30;43:ca=30;41:tw=30;42:ow=34;42:st=37;44:ex=01;32:*.tar=01;31:*.tgz=01;31:*.arj=01;31:*.taz=01;31:*.lzh=01;31:*.lzma=01;31:*.tlz=01;31:*.txz=01;31:*.zip=01;31:*.z=01;31:*.Z=01;31:*.dz=01;31:*.gz=01;31:*.lz=01;31:*.xz=01;31:*.bz2=01;31:*.tbz=01;31:*.tbz2=01;31:*.bz=01;31:*.tz=01;31:*.deb=01;31:*.rpm=01;31:*.jar=01;31:*.rar=01;31:*.ace=01;31:*.zoo=01;31:*.cpio=01;31:*.7z=01;31:*.rz=01;31:*.jpg=01;35:*.jpeg=01;35:*.gif=01;35:*.bmp=01;35:*.pbm=01;35:*.pgm=01;35:*.ppm=01;35:*.tga=01;35:*.xbm=01;35:*.xpm=01;35:*.tif=01;35:*.tiff=01;35:*.png=01;35:*.svg=01;35:*.svgz=01;35:*.mng=01;35:*.pcx=01;35:*.mov=01;35:*.mpg=01;35:*.mpeg=01;35:*.m2v=01;35:*.mkv=01;35:*.ogm=01;35:*.mp4=01;35:*.m4v=01;35:*.mp4v=01;35:*.vob=01;35:*.qt=01;35:*.nuv=01;35:*.wmv=01;35:*.asf=01;35:*.rm=01;35:*.rmvb=01;35:*.flc=01;35:*.avi=01;35:*.fli=01;35:*.flv=01;35:*.gl=01;35:*.dl=01;35:*.xcf=01;35:*.xwd=01;35:*.yuv=01;35:*.cgm=01;35:*.emf=01;35:*.axv=01;35:*.anx=01;35:*.ogv=01;35:*.ogx=01;35:*.aac=01;36:*.au=01;36:*.flac=01;36:*.mid=01;36:*.midi=01;36:*.mka=01;36:*.mp3=01;36:*.mpc=01;36:*.ogg=01;36:*.ra=01;36:*.wav=01;36:*.axa=01;36:*.oga=01;36:*.spx=01;36:*.xspf=01;36:
LD_LIBRARY_PATH=/export/Apps/Synopsys/vcs/O-2018.09-SP2-2/linux64/lib:/export/Apps/Mentor/Calibre/aoj_cal_2019.3_15.11/shared/pkgs/icv/tools/calibre_client/lib/64:
CDS=/export/Apps/Cadence/IC616.005
SCRIPT_NAME=vcs
VCS_MX_HOME_INTERNAL=1
GNOME_KEYRING_SOCKET=/tmp/keyring-b06L6U/socket
SSH_AUTH_SOCK=/tmp/keyring-b06L6U/socket.ssh
SESSION_MANAGER=local/unix:@/tmp/.ICE-unix/199160,unix/unix:/tmp/.ICE-unix/199160
MAKELEVEL=1
OVA_UUM=0
MGC_PDF_READER=evince
MFLAGS=
MMSIMHOME=/export/Apps/Cadence/MMSIM151
VCS_MODE_FLAG=64
VC_STATIC_HOME=/export/Apps/Synopsys/vc_static/O-2018.09-SP2-10
PATH=.:/usr/lib64/qt-3.3/bin:/usr/kerberos/sbin:/usr/kerberos/bin:/usr/local/bin:/bin:/usr/bin:/usr/local/sbin:/usr/sbin:/sbin:/export/Apps/Cadence/IC616.005/tools/dfII/bin:/export/Apps/Cadence/IC616.005/tools/plot/bin:/export/Apps/Cadence/MMSIM151/bin:/export/Apps/Cadence/MMSIM151/tools/relxpert/bin:/export/Apps/Cadence/GENUS/GENUS172/tools/bin:/export/Apps/Mentor/Calibre/aoj_cal_2019.3_15.11/bin:/export/Apps/Synopsys/coretools/O-2018.09-SP4/bin:/export/Apps/Synopsys/finesim/N-2017.12-SP2/bin:/export/Apps/Synopsys/fm/O-2018.06-SP5/bin:/export/Apps/Synopsys/fpga/N-2017.09-SP1/bin:/export/Apps/Synopsys/hspice/N-2017.12-SP2/hspice/bin:/export/Apps/Synopsys/icc/O-2018.06-SP5/bin:/export/Apps/Synopsys/identify/N-2017.09-SP1/bin:/export/Apps/Synopsys/laker/L-2018.06-SP1/bin:/export/Apps/Synopsys/lc/O-2018.06-SP5-1/bin:/export/Apps/Synopsys/mvtools/K-2015.09-SP1/bin:/export/Apps/Synopsys/mw/O-2018.06-SP5-5/bin/linux64:/export/Apps/Synopsys/pts/O-2018.06-SP5/bin:/export/Apps/Synopsys/siliconsmart/N-2017.12-SP2/bin:/export/Apps/Synopsys/starrc/N-2017.12-SP3/bin:/export/Apps/Synopsys/syn/O-2018.06-SP5/bin:/export/Apps/Synopsys/vcs/O-2018.09-SP2-2/bin:/export/Apps/Synopsys/vc_static/O-2018.09-SP2-10/bin:/export/Apps/Synopsys/verdi/Verdi_O-2018.09-SP2/bin:/export/Apps/Synopsys/wv/O-2018.09-SP2/bin:/export/Apps/Synopsys/spyglass/SPYGLASS2018.09-SP2/SPYGLASS_HOME/bin:/export4/Home/iac02/bin:/export/Apps/Cadence/IC616.005/tools/dfII/bin:/export/Apps/Cadence/IC616.005/tools/plot/bin:/export/Apps/Cadence/MMSIM151/bin:/export/Apps/Cadence/MMSIM151/tools/relxpert/bin:/export/Apps/Cadence/GENUS/GENUS172/tools/bin:/export/Apps/Mentor/Calibre/aoj_cal_2019.3_15.11/bin:/export/Apps/Synopsys/coretools/O-2018.09-SP4/bin:/export/Apps/Synopsys/finesim/N-2017.12-SP2/bin:/export/Apps/Synopsys/fm/O-2018.06-SP5/bin:/export/Apps/Synopsys/fpga/N-2017.09-SP1/bin:/export/Apps/Synopsys/hspice/N-2017.12-SP2/hspice/bin:/export/Apps/Synopsys/icc/O-2018.06-SP5/bin:/export/Apps/Synopsys/identify/N-2017.09-SP1/bin:/export/Apps/Synopsys/laker/L-2018.06-SP1/bin:/export/Apps/Synopsys/lc/O-2018.06-SP5-1/bin:/export/Apps/Synopsys/mvtools/K-2015.09-SP1/bin:/export/Apps/Synopsys/mw/O-2018.06-SP5-5/bin/linux64:/export/Apps/Synopsys/pts/O-2018.06-SP5/bin:/export/Apps/Synopsys/siliconsmart/N-2017.12-SP2/bin:/export/Apps/Synopsys/starrc/N-2017.12-SP3/bin:/export/Apps/Synopsys/syn/O-2018.06-SP5/bin:/export/Apps/Synopsys/vcs/O-2018.09-SP2-2/bin:/export/Apps/Synopsys/vc_static/O-2018.09-SP2-10/bin:/export/Apps/Synopsys/verdi/Verdi_O-2018.09-SP2/bin:/export/Apps/Synopsys/wv/O-2018.09-SP2/bin:/export/Apps/Synopsys/spyglass/SPYGLASS2018.09-SP2/SPYGLASS_HOME/bin
MAIL=/var/spool/mail/iac02
QT_IM_MODULE=xim
CALIBRE_HOME=/export/Apps/Mentor/Calibre/aoj_cal_2019.3_15.11
VERDI_HOME=/export/Apps/Synopsys/verdi/Verdi_O-2018.09-SP2
MGC_CALIBRE_LAYOUT_SERVER=inspur19:9189
PWD=/export4/Home/iac02/daisiyao/uart2axi
CDSDIR=/export/Apps/Cadence/IC616.005
CADENCE_DIR=/export/Apps/Cadence/IC616.005
XMODIFIERS=@im=none
VCS_HOME=/export/Apps/Synopsys/vcs/O-2018.09-SP2-2
MGC_CALIBRE_SAVE_ALL_RUNSET_VALUES=1
MGC_CALIBRE_SCHEMATIC_SERVER=inspur19:9199
KDE_IS_PRELINKED=1
LANG=C
MODULEPATH=/usr/share/Modules/modulefiles:/etc/modulefiles
KDEDIRS=/usr
LOADEDMODULES=
VMR_MODE_FLAG=64
CDSHOME=/export/Apps/Cadence/IC616.005
LM_LICENSE_FILE=5280@inspur19:5280@inspur19:
CDS_Netlisting_Mode=Analog
HISTCONTROL=ignoredups
SSH_ASKPASS=/usr/libexec/openssh/gnome-ssh-askpass
VCS_ARG_ADDED_FOR_TMP=1
SNPS_VCS_TMPDIR=/tmp/vcs_20241118161729_201839
HOME=/export4/Home/iac02
SHLVL=5
MGC_HOME=/export/Apps/Mentor
CDS_AUTO_64BIT=ALL
GNOME_DESKTOP_SESSION_ID=this-is-deprecated
SNPSLMC_LICENSE_FILE=5280@inspur19:5280@inspur19:
CADHOME=/export/Apps/Cadence
VCS_COM=/export/Apps/Synopsys/vcs/O-2018.09-SP2-2/linux64/bin/vcs1
LOGNAME=iac02
MGC_LIB_PATH=/export/Apps/Mentor/Calibre/aoj_cal_2019.3_15.11/lib
OA_PLUGIN_PATH=/export/Apps/Mentor/Calibre/aoj_cal_2019.3_15.11/shared/pkgs/icv/tools/queryskl
MGLS_LICENSE_FILE=/export/Apps/Mentor/license/license.dat
QTLIB=/usr/lib64/qt-3.3/lib
CVS_RSH=ssh
SSH_CONNECTION=10.131.251.121 64099 10.134.141.126 22
DBUS_SESSION_BUS_ADDRESS=unix:abstract=/tmp/dbus-q5Iv2SyHnF,guid=ec5de0637139a6aa3bf2cb000124bf54
MOZILLA_HOME=/usr/bin/firefox
MODULESHOME=/usr/share/Modules
CDS_LIC_FILE=5281@inspur19:/export/Apps/Cadence/license/MMSIM_Spectre_license.dat
LESSOPEN=||/usr/bin/lesspipe.sh %s
sysc_uni_pwd=/export4/Home/iac02/daisiyao/uart2axi
CDS_ENABLE_VMS=1
CDS_LIC_ONLY=1
DISPLAY=:12.0
MGC_CALIBRE_REALTIME_VIRTUOSO_ENABLED=1
VCS_ARCH=linux64
CDS_ROOT=/export/Apps/Cadence/IC616.005
TOOL_HOME=/export/Apps/Synopsys/vcs/O-2018.09-SP2-2/linux64
GTK_IM_MODULE=gtk-im-context-simple
G_BROKEN_FILENAMES=1
COLORTERM=gnome-terminal
CDS_INST_DIR=/export/Apps/Cadence/IC616.005
BASH_FUNC_module()=() {  eval `/usr/bin/modulecmd bash $*`
}
_=./tb
OLDPWD=/export4/Home/iac02/daisiyao/uart2axi/tb.daidir/debug_dump/fsearch
VCS_HEAP_EXEC=true
VCS_PATHMAP_PRELOAD_DONE=1
VCS_EXEC_DONE=1
DVE=/export/Apps/Synopsys/vcs/O-2018.09-SP2-2/gui/dve
SPECMAN_OUTPUT_TO_TTY=1
Runtime command line arguments:
argv[0]=tb
argv[1]=+define+DUMP
argv[2]=+vc
argv[3]=+v2k
argv[4]=-a
argv[5]=compile.log
289 profile - 100
          CPU/Mem usage: 0.140 sys,  0.360 user,  212.06M mem
290 Tue Nov 19 00:17:34 2024
291 pliAppInit
292 FSDB_GATE is set.
293 FSDB_RTL is set.
294 Enable Parallel Dumping.
295 pliAppMiscSet: New Sim Round
296 pliEntryInit
297 LIBSSCORE=found /export/Apps/Synopsys/verdi/Verdi_O-2018.09-SP2/share/PLI/lib/LINUXAMD64/libsscore_vcs201809.so through $NOVAS_HOME setting.
298 FSDB Dumper for VCS, Release Verdi_O-2018.09-SP2, Linux x86_64/64bit, 02/21/2019
299 (C) 1996 - 2019 by Synopsys, Inc.
300 sps_call_fsdbDumpfile_main at 0 : ./tb.v(32)
301 argv[0]: (*.fsdb)
302 *Verdi* FSDB WARNING: The FSDB file already exists. Overwriting the FSDB file may crash the programs that are using this file.
303 *Verdi* : Create FSDB file '*.fsdb'
304 compile option from '/export4/Home/iac02/daisiyao/uart2axi/tb.daidir/vcs_rebuild'.
305   "vcs '-f' 'vfile.f' '-timescale=1ns/1ps' '+define+DUMP' '-fsdb' '-R' '-full64' '+vc' '+v2k' '-sverilog' '-debug_acc+all' '-debug_region+cell+encrypt' '-o' 'tb' '-l' 'compile.log' 2>&1"
306 FSDB_VCS_ENABLE_FAST_VC is enable
307 sps_call_fsdbDumpvars_vd_main at 0 : ./tb.v(33)
308 [spi_vcs_vd_ppi_create_root]: no upf option
309 FSDB dumper cannot dump UPF related power signal ($power_tree): no ppiPowerNetwork.
310 *Verdi* : Begin traversing the scopes, layer (0).
311 *Verdi* : End of traversing.
312 pliAppHDL_DumpVarComplete traverse var: profile - 
          CPU/Mem usage: 0.500 sys,  0.370 user,  308.40M mem
                   incr: 0.000 sys,  0.010 user,  8.93M mem
                   accu: 0.000 sys,  0.010 user,  8.93M mem
              accu incr: 0.000 sys,  0.010 user,  8.93M mem

          Count usage: 146 var,  116 idcode,  69 callback
                 incr: 146 var,  116 idcode,  69 callback
                 accu: 146 var,  116 idcode,  69 callback
            accu incr: 146 var,  116 idcode,  69 callback
313 Tue Nov 19 00:17:35 2024
314 pliAppHDL_DumpVarComplete: profile - 
          CPU/Mem usage: 0.500 sys,  0.370 user,  309.46M mem
                   incr: 0.000 sys,  0.000 user,  1.05M mem
                   accu: 0.000 sys,  0.010 user,  9.98M mem
              accu incr: 0.000 sys,  0.000 user,  1.05M mem

          Count usage: 146 var,  116 idcode,  69 callback
                 incr: 0 var,  0 idcode,  0 callback
                 accu: 146 var,  116 idcode,  69 callback
            accu incr: 0 var,  0 idcode,  0 callback
315 Tue Nov 19 00:17:35 2024
316 sps_call_fsdbDumpMDA_vd_main at 0 : ./tb.v(34)
317 *Verdi* : Begin traversing the MDAs, layer (0).
318 *Verdi* : Enable +mda and +packedmda dumping.
319 *Verdi* : End of traversing the MDAs.
320 pliAppHDL_DumpVarComplete traverse var: profile - 
          CPU/Mem usage: 0.500 sys,  0.370 user,  309.46M mem
                   incr: 0.000 sys,  0.000 user,  0.00M mem
                   accu: 0.000 sys,  0.000 user,  0.00M mem
              accu incr: 0.000 sys,  0.000 user,  0.00M mem

          Count usage: 154 var,  124 idcode,  71 callback
                 incr: 8 var,  8 idcode,  2 callback
                 accu: 8 var,  8 idcode,  2 callback
            accu incr: 8 var,  8 idcode,  2 callback
321 Tue Nov 19 00:17:35 2024
322 pliAppHDL_DumpVarComplete: profile - 
          CPU/Mem usage: 0.500 sys,  0.370 user,  309.46M mem
                   incr: 0.000 sys,  0.000 user,  0.00M mem
                   accu: 0.000 sys,  0.000 user,  0.00M mem
              accu incr: 0.000 sys,  0.000 user,  0.00M mem

          Count usage: 154 var,  124 idcode,  71 callback
                 incr: 0 var,  0 idcode,  0 callback
                 accu: 8 var,  8 idcode,  2 callback
            accu incr: 0 var,  0 idcode,  0 callback
323 Tue Nov 19 00:17:35 2024
324 End of simulation at 19169453000
325 Tue Nov 19 00:17:35 2024
326 Begin FSDB profile info:
327 FSDB Writer : bc1(1924197) bcn(2876842) mtf/stf(0/1)
FSDB Writer elapsed time : flush(0.295641) io wait(0.000000) theadpool wait(0.000000) target functin(0.000000)
FSDB Writer cpu time : MT Compression : 0
328 End FSDB profile info
329 Parallel profile    -  Flush:4 Expand:0 ProduceWait:0 ConsumerWait:18 BlockUsed:48
330                        ProduceTime:1.690265453 ConsumerTime:0.506913107 Buffer:64MB
331 SimExit
332 Sim process exit
